{"name": "测试登录正常", "status": "broken", "statusDetails": {"message": "selenium.common.exceptions.TimeoutException: Message:", "trace": "self = <Testcases.test_2buy.TestLogin object at 0x0000000004DAEB70>\nopen_url1 = <selenium.webdriver.chrome.webdriver.WebDriver (session=\"43e50e8794722cc7433a2692760aaa9b\")>\n\n    @allure.story('登录')\n    @allure.title('测试登录正常')\n    @allure.description('这是验证码登录的成功用例')\n    @allure.link('www.baidu.com')\n    @pytest.mark.demo\n    def test_login(self,open_url1):\n        # try:\n            lp(open_url1).login_code(bd.login_data[\"user\"],bd.login_data[\"passwd\"])\n            time.sleep(5)\n>           assert True == ip(open_url1).login_check()\n\ntest_2buy.py:31: \n_ _ _ _ _ _ _ _ _ _ _ _ _ _ _ _ _ _ _ _ _ _ _ _ _ _ _ _ _ _ _ _ _ _ _ _ _ _ _ _\n..\\PageObjects\\pc\\index_page.py:16: in login_check\n    EC.visibility_of_element_located((By.ID,'gosupplier')))\n_ _ _ _ _ _ _ _ _ _ _ _ _ _ _ _ _ _ _ _ _ _ _ _ _ _ _ _ _ _ _ _ _ _ _ _ _ _ _ _\n\nself = <selenium.webdriver.support.wait.WebDriverWait (session=\"43e50e8794722cc7433a2692760aaa9b\")>\nmethod = <selenium.webdriver.support.expected_conditions.visibility_of_element_located object at 0x0000000004DC3908>\nmessage = ''\n\n    def until(self, method, message=''):\n        \"\"\"Calls the method provided with the driver as an argument until the \\\n        return value is not False.\"\"\"\n        screen = None\n        stacktrace = None\n    \n        end_time = time.time() + self._timeout\n        while True:\n            try:\n                value = method(self._driver)\n                if value:\n                    return value\n            except self._ignored_exceptions as exc:\n                screen = getattr(exc, 'screen', None)\n                stacktrace = getattr(exc, 'stacktrace', None)\n            time.sleep(self._poll)\n            if time.time() > end_time:\n                break\n>       raise TimeoutException(message, screen, stacktrace)\nE       selenium.common.exceptions.TimeoutException: Message:\n\nE:\\Python3\\lib\\site-packages\\selenium\\webdriver\\support\\wait.py:80: TimeoutException"}, "description": "这是验证码登录的成功用例", "steps": [{"name": "验证码登录", "status": "passed", "parameters": [{"name": "user", "value": "'176251188013'"}, {"name": "passwd", "value": "'sD2q'"}], "start": 1574217341752, "stop": 1574217342100}], "attachments": [{"name": "log", "source": "67eb2570-7c3c-42f7-9bfc-aea7e1946170-attachment.txt", "type": "text/plain"}, {"name": "stderr", "source": "524228c6-86ab-4f10-8553-7aa532e1aa24-attachment.txt", "type": "text/plain"}], "start": 1574217341752, "stop": 1574217377418, "uuid": "6673ed24-71bf-4ca5-a3c4-83832ddd5965", "historyId": "a404df02f600ced5f37d055b093f39d6", "fullName": "Testcases.test_2buy.TestLogin#test_login", "labels": [{"name": "feature", "value": "每日用例-加购"}, {"name": "story", "value": "登录"}, {"name": "tag", "value": "demo"}, {"name": "parentSuite", "value": "Testcases"}, {"name": "suite", "value": "test_2buy"}, {"name": "subSuite", "value": "TestLogin"}, {"name": "host", "value": "JS-CS-002"}, {"name": "thread", "value": "34264-MainThread"}, {"name": "framework", "value": "pytest"}, {"name": "language", "value": "cpython3"}, {"name": "package", "value": "Testcases.test_2buy"}], "links": [{"type": "link", "url": "www.baidu.com", "name": "www.baidu.com"}]}