{"name": "测试购物车结算", "status": "broken", "statusDetails": {"message": "selenium.common.exceptions.TimeoutException: Message:", "trace": "self = <Testcases.test_2buy.TestLogin object at 0x0000000004E3CD68>\nopen_url1 = <selenium.webdriver.chrome.webdriver.WebDriver (session=\"6fa0e4220fbd785cb9bf50856c98d698\")>\n\n    @pytest.mark.demo\n    @allure.story('测试购物车结算')\n    @allure.title('测试购物车结算')\n    @allure.description('这是定制片加入购物车的成功用例')\n    def test_orders(self,open_url1):\n        hp(open_url1).click_cart()\n        time.sleep(1.5)\n        sp(open_url1).check_goods()\n        time.sleep(2)\n>       op(open_url1).generate_orders(bd.to_order[\"message\"])\n\ntest_2buy.py:167: \n_ _ _ _ _ _ _ _ _ _ _ _ _ _ _ _ _ _ _ _ _ _ _ _ _ _ _ _ _ _ _ _ _ _ _ _ _ _ _ _\n..\\PageObjects\\pc\\order_page.py:17: in generate_orders\n    self.input_text(op.gogogo,'输入留言',messaage)\n..\\common\\basepage.py:118: in input_text\n    self.wait_eleVisible(loc,img_doc)\n..\\common\\basepage.py:28: in wait_eleVisible\n    WebDriverWait(self.driver,timeout,frequency).until(EC.visibility_of_element_located(loc))\n_ _ _ _ _ _ _ _ _ _ _ _ _ _ _ _ _ _ _ _ _ _ _ _ _ _ _ _ _ _ _ _ _ _ _ _ _ _ _ _\n\nself = <selenium.webdriver.support.wait.WebDriverWait (session=\"6fa0e4220fbd785cb9bf50856c98d698\")>\nmethod = <selenium.webdriver.support.expected_conditions.visibility_of_element_located object at 0x0000000004D9F5F8>\nmessage = ''\n\n    def until(self, method, message=''):\n        \"\"\"Calls the method provided with the driver as an argument until the \\\n        return value is not False.\"\"\"\n        screen = None\n        stacktrace = None\n    \n        end_time = time.time() + self._timeout\n        while True:\n            try:\n                value = method(self._driver)\n                if value:\n                    return value\n            except self._ignored_exceptions as exc:\n                screen = getattr(exc, 'screen', None)\n                stacktrace = getattr(exc, 'stacktrace', None)\n            time.sleep(self._poll)\n            if time.time() > end_time:\n                break\n>       raise TimeoutException(message, screen, stacktrace)\nE       selenium.common.exceptions.TimeoutException: Message:\n\nE:\\Python3\\lib\\site-packages\\selenium\\webdriver\\support\\wait.py:80: TimeoutException"}, "description": "这是定制片加入购物车的成功用例", "steps": [{"name": "点击进入购物车", "status": "passed", "start": 1574322311327, "stop": 1574322312059}, {"name": "选择商品，并结算", "status": "passed", "start": 1574322313559, "stop": 1574322314091}, {"name": "生成订单", "status": "broken", "statusDetails": {"message": "selenium.common.exceptions.TimeoutException: Message: \n\n", "trace": "  File \"E:\\Python3\\lib\\site-packages\\allure_commons\\_allure.py\", line 141, in impl\n    return func(*a, **kw)\n  File \"D:\\B2B\\PageObjects\\pc\\order_page.py\", line 17, in generate_orders\n    self.input_text(op.gogogo,'输入留言',messaage)\n  File \"D:\\B2B\\common\\basepage.py\", line 118, in input_text\n    self.wait_eleVisible(loc,img_doc)\n  File \"D:\\B2B\\common\\basepage.py\", line 28, in wait_eleVisible\n    WebDriverWait(self.driver,timeout,frequency).until(EC.visibility_of_element_located(loc))\n  File \"E:\\Python3\\lib\\site-packages\\selenium\\webdriver\\support\\wait.py\", line 80, in until\n    raise TimeoutException(message, screen, stacktrace)\n"}, "parameters": [{"name": "messaage", "value": "'网管查房'"}], "start": 1574322316091, "stop": 1574322346804}], "attachments": [{"name": "log", "source": "4456fc4b-3265-4a03-82e7-28537f731158-attachment.txt", "type": "text/plain"}, {"name": "stderr", "source": "d3842444-18c1-42e7-88f3-ee73f59b38b2-attachment.txt", "type": "text/plain"}], "start": 1574322311327, "stop": 1574322346806, "uuid": "71e6c46f-2623-462c-866d-ca065fe877e1", "historyId": "1ea0a0fa53fe50fbf5bd97e61db4bb61", "fullName": "Testcases.test_2buy.TestLogin#test_orders", "labels": [{"name": "feature", "value": "每日用例-加购"}, {"name": "story", "value": "测试购物车结算"}, {"name": "tag", "value": "demo"}, {"name": "parentSuite", "value": "Testcases"}, {"name": "suite", "value": "test_2buy"}, {"name": "subSuite", "value": "TestLogin"}, {"name": "host", "value": "JS-CS-002"}, {"name": "thread", "value": "13640-MainThread"}, {"name": "framework", "value": "pytest"}, {"name": "language", "value": "cpython3"}, {"name": "package", "value": "Testcases.test_2buy"}]}