{"name": "测试登录正常", "status": "broken", "statusDetails": {"message": "FileNotFoundError: [Errno 2] No such file or directory: '进入待付款列表_2019-11-18 14_43_01.png'", "trace": "self = <Testcases.test_2buy.TestLogin object at 0x0000000004DE3C18>\nopen_url1 = <selenium.webdriver.chrome.webdriver.WebDriver (session=\"13aa5339f8f36b60d08721044c8f39bc\")>\n\n    @allure.story('登录')\n    @allure.title('测试登录正常')\n    @allure.description('这是验证码登录的成功用例')\n    @allure.link('www.baidu.com')\n    @pytest.mark.demo\n    def test_login(self,open_url1):\n        try:\n>           lp(open_url1).login_code(bd.login_data[\"user\"],bd.login_data[\"passwd\"])\n\ntest_2buy.py:31: \n_ _ _ _ _ _ _ _ _ _ _ _ _ _ _ _ _ _ _ _ _ _ _ _ _ _ _ _ _ _ _ _ _ _ _ _ _ _ _ _\n\na = (<PageObjects.pc.login_page.LoginPage object at 0x0000000004E0AD68>, '17625188013', 'sD2q')\nkw = {}, __tracebackhide__ = True\nparams = OrderedDict([('user', \"'17625188013'\"), ('passwd', \"'sD2q'\")])\nargs = ['<PageObjects.pc.login_page.LoginPage object at 0x0000000004E0AD68>', \"'17625188013'\", \"'sD2q'\"]\n\n    @wraps(func)\n    def impl(*a, **kw):\n        __tracebackhide__ = True\n        params = func_parameters(func, *a, **kw)\n        args = list(map(lambda x: represent(x), a))\n        with StepContext(self.title.format(*args, **params), params):\n>           return func(*a, **kw)\n\nE:\\Python3\\lib\\site-packages\\allure_commons\\_allure.py:141: \n_ _ _ _ _ _ _ _ _ _ _ _ _ _ _ _ _ _ _ _ _ _ _ _ _ _ _ _ _ _ _ _ _ _ _ _ _ _ _ _\n\nself = <PageObjects.pc.login_page.LoginPage object at 0x0000000004E0AD68>\nuser = '17625188013', passwd = 'sD2q'\n\n    @allure.step('验证码登录')\n    def login_code(self,user,passwd):\n        #输入账号密码\n>       self.input_text(loc.uesr_loc,'输入手机号',user)\n\n..\\PageObjects\\pc\\login_page.py:15: \n_ _ _ _ _ _ _ _ _ _ _ _ _ _ _ _ _ _ _ _ _ _ _ _ _ _ _ _ _ _ _ _ _ _ _ _ _ _ _ _\n\nself = <PageObjects.pc.login_page.LoginPage object at 0x0000000004E0AD68>\nloc = ('xpath', '//input[@name=\"p1hone\"]'), img_doc = '输入手机号'\nargs = ('17625188013',)\n\n    def input_text(self,loc,img_doc,*args):\n        # 1、等待元素可见\n>       self.wait_eleVisible(loc,img_doc)\n\n..\\common\\basepage.py:118: \n_ _ _ _ _ _ _ _ _ _ _ _ _ _ _ _ _ _ _ _ _ _ _ _ _ _ _ _ _ _ _ _ _ _ _ _ _ _ _ _\n\nself = <PageObjects.pc.login_page.LoginPage object at 0x0000000004E0AD68>\nloc = ('xpath', '//input[@name=\"p1hone\"]'), img_doc = '输入手机号', timeout = 30\nfrequency = 0.5\n\n    def wait_eleVisible(self,loc,img_doc=\"\",timeout=30,frequency=0.5):\n        logger.info(\"等待元素 {} 可见。\".format(loc))\n        try:\n            # 起始等待的时间 datetime\n            start = datetime.datetime.now()\n>           WebDriverWait(self.driver,timeout,frequency).until(EC.visibility_of_element_located(loc))\n\n..\\common\\basepage.py:28: \n_ _ _ _ _ _ _ _ _ _ _ _ _ _ _ _ _ _ _ _ _ _ _ _ _ _ _ _ _ _ _ _ _ _ _ _ _ _ _ _\n\nself = <selenium.webdriver.support.wait.WebDriverWait (session=\"13aa5339f8f36b60d08721044c8f39bc\")>\nmethod = <selenium.webdriver.support.expected_conditions.visibility_of_element_located object at 0x0000000004E20470>\nmessage = ''\n\n    def until(self, method, message=''):\n        \"\"\"Calls the method provided with the driver as an argument until the \\\n        return value is not False.\"\"\"\n        screen = None\n        stacktrace = None\n    \n        end_time = time.time() + self._timeout\n        while True:\n            try:\n                value = method(self._driver)\n                if value:\n                    return value\n            except self._ignored_exceptions as exc:\n                screen = getattr(exc, 'screen', None)\n                stacktrace = getattr(exc, 'stacktrace', None)\n            time.sleep(self._poll)\n            if time.time() > end_time:\n                break\n>       raise TimeoutException(message, screen, stacktrace)\nE       selenium.common.exceptions.TimeoutException: Message:\n\nE:\\Python3\\lib\\site-packages\\selenium\\webdriver\\support\\wait.py:80: TimeoutException\n\nDuring handling of the above exception, another exception occurred:\n\nself = <Testcases.test_2buy.TestLogin object at 0x0000000004DE3C18>\nopen_url1 = <selenium.webdriver.chrome.webdriver.WebDriver (session=\"13aa5339f8f36b60d08721044c8f39bc\")>\n\n    @allure.story('登录')\n    @allure.title('测试登录正常')\n    @allure.description('这是验证码登录的成功用例')\n    @allure.link('www.baidu.com')\n    @pytest.mark.demo\n    def test_login(self,open_url1):\n        try:\n            lp(open_url1).login_code(bd.login_data[\"user\"],bd.login_data[\"passwd\"])\n            time.sleep(5)\n            assert True == ip(open_url1).login_check()\n        except:\n    \n>               with open(Filelist[-1], \"rb\") as f:\nE               FileNotFoundError: [Errno 2] No such file or directory: '进入待付款列表_2019-11-18 14_43_01.png'\n\ntest_2buy.py:36: FileNotFoundError"}, "description": "这是验证码登录的成功用例", "steps": [{"name": "验证码登录", "status": "broken", "statusDetails": {"message": "selenium.common.exceptions.TimeoutException: Message: \n\n", "trace": "  File \"E:\\Python3\\lib\\site-packages\\allure_commons\\_allure.py\", line 141, in impl\n    return func(*a, **kw)\n  File \"D:\\B2B\\PageObjects\\pc\\login_page.py\", line 15, in login_code\n    self.input_text(loc.uesr_loc,'输入手机号',user)\n  File \"D:\\B2B\\common\\basepage.py\", line 118, in input_text\n    self.wait_eleVisible(loc,img_doc)\n  File \"D:\\B2B\\common\\basepage.py\", line 28, in wait_eleVisible\n    WebDriverWait(self.driver,timeout,frequency).until(EC.visibility_of_element_located(loc))\n  File \"E:\\Python3\\lib\\site-packages\\selenium\\webdriver\\support\\wait.py\", line 80, in until\n    raise TimeoutException(message, screen, stacktrace)\n"}, "parameters": [{"name": "user", "value": "'17625188013'"}, {"name": "passwd", "value": "'sD2q'"}], "start": 1574221088859, "stop": 1574221120269}], "attachments": [{"name": "log", "source": "8a73fec8-fb40-490a-93d5-a6dcd3fa8371-attachment.txt", "type": "text/plain"}, {"name": "stderr", "source": "b60efab5-5148-4efe-9202-8441363f3fff-attachment.txt", "type": "text/plain"}], "start": 1574221088858, "stop": 1574221120295, "uuid": "7a76490f-cef1-4012-a1a1-aed70e7b1ab5", "historyId": "a404df02f600ced5f37d055b093f39d6", "fullName": "Testcases.test_2buy.TestLogin#test_login", "labels": [{"name": "feature", "value": "每日用例-加购"}, {"name": "story", "value": "登录"}, {"name": "tag", "value": "demo"}, {"name": "parentSuite", "value": "Testcases"}, {"name": "suite", "value": "test_2buy"}, {"name": "subSuite", "value": "TestLogin"}, {"name": "host", "value": "JS-CS-002"}, {"name": "thread", "value": "36968-MainThread"}, {"name": "framework", "value": "pytest"}, {"name": "language", "value": "cpython3"}, {"name": "package", "value": "Testcases.test_2buy"}], "links": [{"type": "link", "url": "www.baidu.com", "name": "www.baidu.com"}]}