INFO     common.basepage:basepage.py:24 等待元素 ('xpath', '//a[@href="https://cart.yjq.com/shoppingCart"]') 可见。
INFO     common.basepage:basepage.py:32 开始等待时间点：2019-11-21 15:42:44.622020，结束等待时间点：2019-11-21 15:42:44.646020，等待时长为：0:00:00.024000
INFO     common.basepage:basepage.py:64 查找 进入购物车 中的元素 ('xpath', '//a[@href="https://cart.yjq.com/shoppingCart"]') 
INFO     common.basepage:basepage.py:89  点击元素 ('xpath', '//a[@href="https://cart.yjq.com/shoppingCart"]')
INFO     common.basepage:basepage.py:64 查找 勾选赛目商品 中的元素 ('xpath', '//span[text()="赛目光学"]/parent::div/span/label/span/input') 
INFO     common.basepage:basepage.py:106  点击元素 ('xpath', '//span[text()="赛目光学"]/parent::div/span/label/span/input')
INFO     common.basepage:basepage.py:64 查找 非赛目大B 中的元素 ('xpath', '//span[text()="丹阳市开发区镜色眼镜店"]/parent::div/span/label/span/input') 
ERROR    common.basepage:basepage.py:70 查找元素失败
Traceback (most recent call last):
  File "D:\B2B\common\basepage.py", line 66, in get_element
    ele = self.driver.find_element(*loc)
  File "E:\Python3\lib\site-packages\selenium\webdriver\remote\webdriver.py", line 978, in find_element
    'value': value})['value']
  File "E:\Python3\lib\site-packages\selenium\webdriver\remote\webdriver.py", line 321, in execute
    self.error_handler.check_response(response)
  File "E:\Python3\lib\site-packages\selenium\webdriver\remote\errorhandler.py", line 242, in check_response
    raise exception_class(message, screen, stacktrace)
selenium.common.exceptions.NoSuchElementException: Message: no such element: Unable to locate element: {"method":"xpath","selector":"//span[text()="丹阳市开发区镜色眼镜店"]/parent::div/span/label/span/input"}
  (Session info: chrome=73.0.3683.103)
  (Driver info: chromedriver=2.36.540470 (e522d04694c7ebea4ba8821272dbef4f9b818c91),platform=Windows NT 6.1.7601 SP1 x86_64)

INFO     common.basepage:basepage.py:184 网页截图成功。图片存储在：D:\B2B\Outputs\screenshots/非赛目大B_2019-11-21 15_42_47.png