{
  "uid" : "a613f59701f93dda",
  "name" : "测试隐形眼镜加入购物车",
  "fullName" : "Testcases.test_2buy.TestLogin#test_buy_yx",
  "historyId" : "2dd26b4bb54806500b884eb9ca893a36",
  "time" : {
    "start" : 1574308853575,
    "stop" : 1574309453843,
    "duration" : 600268
  },
  "description" : "这是隐形眼镜加入购物车的成功用例",
  "descriptionHtml" : "<p>这是隐形眼镜加入购物车的成功用例</p>\n",
  "status" : "broken",
  "statusMessage" : "selenium.common.exceptions.TimeoutException: Message: timeout\n  (Session info: chrome=73.0.3683.103)\n  (Driver info: chromedriver=2.36.540470 (e522d04694c7ebea4ba8821272dbef4f9b818c91),platform=Windows NT 6.1.7601 SP1 x86_64)",
  "statusTrace" : "self = <Testcases.test_2buy.TestLogin object at 0x0000000004F470F0>\nopen_url1 = <selenium.webdriver.chrome.webdriver.WebDriver (session=\"47da90a261feb335b8f691a05e6ed8b6\")>\n\n    @pytest.mark.demo\n    @allure.story('测试隐形眼镜加入购物车')\n    @allure.title('测试隐形眼镜加入购物车')\n    @allure.description('这是隐形眼镜加入购物车的成功用例')\n    def test_buy_yx(self,open_url1):\n        #搜索隐形眼镜商品\n>       hp(open_url1).search(bd.success_data_yxyj[\"title\"])\n\ntest_2buy.py:53: \n_ _ _ _ _ _ _ _ _ _ _ _ _ _ _ _ _ _ _ _ _ _ _ _ _ _ _ _ _ _ _ _ _ _ _ _ _ _ _ _\n..\\PageObjects\\pc\\home_page.py:14: in search\n    self.input_text(hpl.search,'搜索商品',title,Keys.ENTER)\n..\\common\\basepage.py:118: in input_text\n    self.wait_eleVisible(loc,img_doc)\n..\\common\\basepage.py:28: in wait_eleVisible\n    WebDriverWait(self.driver,timeout,frequency).until(EC.visibility_of_element_located(loc))\nE:\\Python3\\lib\\site-packages\\selenium\\webdriver\\support\\wait.py:71: in until\n    value = method(self._driver)\nE:\\Python3\\lib\\site-packages\\selenium\\webdriver\\support\\expected_conditions.py:128: in __call__\n    return _element_if_visible(_find_element(driver, self.locator))\nE:\\Python3\\lib\\site-packages\\selenium\\webdriver\\support\\expected_conditions.py:415: in _find_element\n    raise e\nE:\\Python3\\lib\\site-packages\\selenium\\webdriver\\support\\expected_conditions.py:411: in _find_element\n    return driver.find_element(*by)\nE:\\Python3\\lib\\site-packages\\selenium\\webdriver\\remote\\webdriver.py:978: in find_element\n    'value': value})['value']\nE:\\Python3\\lib\\site-packages\\selenium\\webdriver\\remote\\webdriver.py:321: in execute\n    self.error_handler.check_response(response)\n_ _ _ _ _ _ _ _ _ _ _ _ _ _ _ _ _ _ _ _ _ _ _ _ _ _ _ _ _ _ _ _ _ _ _ _ _ _ _ _\n\nself = <selenium.webdriver.remote.errorhandler.ErrorHandler object at 0x0000000004DC71D0>\nresponse = {'sessionId': '47da90a261feb335b8f691a05e6ed8b6', 'status': 21, 'value': {'message': 'timeout\\n  (Session info: chrome...r info: chromedriver=2.36.540470 (e522d04694c7ebea4ba8821272dbef4f9b818c91),platform=Windows NT 6.1.7601 SP1 x86_64)'}}\n\n    def check_response(self, response):\n        \"\"\"\n        Checks that a JSON response from the WebDriver does not have an error.\n    \n        :Args:\n         - response - The JSON response from the WebDriver server as a dictionary\n           object.\n    \n        :Raises: If the response contains an error message.\n        \"\"\"\n        status = response.get('status', None)\n        if status is None or status == ErrorCode.SUCCESS:\n            return\n        value = None\n        message = response.get(\"message\", \"\")\n        screen = response.get(\"screen\", \"\")\n        stacktrace = None\n        if isinstance(status, int):\n            value_json = response.get('value', None)\n            if value_json and isinstance(value_json, basestring):\n                import json\n                try:\n                    value = json.loads(value_json)\n                    if len(value.keys()) == 1:\n                        value = value['value']\n                    status = value.get('error', None)\n                    if status is None:\n                        status = value[\"status\"]\n                        message = value[\"value\"]\n                        if not isinstance(message, basestring):\n                            value = message\n                            message = message.get('message')\n                    else:\n                        message = value.get('message', None)\n                except ValueError:\n                    pass\n    \n        exception_class = ErrorInResponseException\n        if status in ErrorCode.NO_SUCH_ELEMENT:\n            exception_class = NoSuchElementException\n        elif status in ErrorCode.NO_SUCH_FRAME:\n            exception_class = NoSuchFrameException\n        elif status in ErrorCode.NO_SUCH_WINDOW:\n            exception_class = NoSuchWindowException\n        elif status in ErrorCode.STALE_ELEMENT_REFERENCE:\n            exception_class = StaleElementReferenceException\n        elif status in ErrorCode.ELEMENT_NOT_VISIBLE:\n            exception_class = ElementNotVisibleException\n        elif status in ErrorCode.INVALID_ELEMENT_STATE:\n            exception_class = InvalidElementStateException\n        elif status in ErrorCode.INVALID_SELECTOR \\\n                or status in ErrorCode.INVALID_XPATH_SELECTOR \\\n                or status in ErrorCode.INVALID_XPATH_SELECTOR_RETURN_TYPER:\n            exception_class = InvalidSelectorException\n        elif status in ErrorCode.ELEMENT_IS_NOT_SELECTABLE:\n            exception_class = ElementNotSelectableException\n        elif status in ErrorCode.ELEMENT_NOT_INTERACTABLE:\n            exception_class = ElementNotInteractableException\n        elif status in ErrorCode.INVALID_COOKIE_DOMAIN:\n            exception_class = InvalidCookieDomainException\n        elif status in ErrorCode.UNABLE_TO_SET_COOKIE:\n            exception_class = UnableToSetCookieException\n        elif status in ErrorCode.TIMEOUT:\n            exception_class = TimeoutException\n        elif status in ErrorCode.SCRIPT_TIMEOUT:\n            exception_class = TimeoutException\n        elif status in ErrorCode.UNKNOWN_ERROR:\n            exception_class = WebDriverException\n        elif status in ErrorCode.UNEXPECTED_ALERT_OPEN:\n            exception_class = UnexpectedAlertPresentException\n        elif status in ErrorCode.NO_ALERT_OPEN:\n            exception_class = NoAlertPresentException\n        elif status in ErrorCode.IME_NOT_AVAILABLE:\n            exception_class = ImeNotAvailableException\n        elif status in ErrorCode.IME_ENGINE_ACTIVATION_FAILED:\n            exception_class = ImeActivationFailedException\n        elif status in ErrorCode.MOVE_TARGET_OUT_OF_BOUNDS:\n            exception_class = MoveTargetOutOfBoundsException\n        elif status in ErrorCode.JAVASCRIPT_ERROR:\n            exception_class = JavascriptException\n        elif status in ErrorCode.SESSION_NOT_CREATED:\n            exception_class = SessionNotCreatedException\n        elif status in ErrorCode.INVALID_ARGUMENT:\n            exception_class = InvalidArgumentException\n        elif status in ErrorCode.NO_SUCH_COOKIE:\n            exception_class = NoSuchCookieException\n        elif status in ErrorCode.UNABLE_TO_CAPTURE_SCREEN:\n            exception_class = ScreenshotException\n        elif status in ErrorCode.ELEMENT_CLICK_INTERCEPTED:\n            exception_class = ElementClickInterceptedException\n        elif status in ErrorCode.INSECURE_CERTIFICATE:\n            exception_class = InsecureCertificateException\n        elif status in ErrorCode.INVALID_COORDINATES:\n            exception_class = InvalidCoordinatesException\n        elif status in ErrorCode.INVALID_SESSION_ID:\n            exception_class = InvalidSessionIdException\n        elif status in ErrorCode.UNKNOWN_METHOD:\n            exception_class = UnknownMethodException\n        else:\n            exception_class = WebDriverException\n        if value == '' or value is None:\n            value = response['value']\n        if isinstance(value, basestring):\n            if exception_class == ErrorInResponseException:\n                raise exception_class(response, value)\n            raise exception_class(value)\n        if message == \"\" and 'message' in value:\n            message = value['message']\n    \n        screen = None\n        if 'screen' in value:\n            screen = value['screen']\n    \n        stacktrace = None\n        if 'stackTrace' in value and value['stackTrace']:\n            stacktrace = []\n            try:\n                for frame in value['stackTrace']:\n                    line = self._value_or_default(frame, 'lineNumber', '')\n                    file = self._value_or_default(frame, 'fileName', '<anonymous>')\n                    if line:\n                        file = \"%s:%s\" % (file, line)\n                    meth = self._value_or_default(frame, 'methodName', '<anonymous>')\n                    if 'className' in frame:\n                        meth = \"%s.%s\" % (frame['className'], meth)\n                    msg = \"    at %s (%s)\"\n                    msg = msg % (meth, file)\n                    stacktrace.append(msg)\n            except TypeError:\n                pass\n        if exception_class == ErrorInResponseException:\n            raise exception_class(response, message)\n        elif exception_class == UnexpectedAlertPresentException:\n            alert_text = None\n            if 'data' in value:\n                alert_text = value['data'].get('text')\n            elif 'alert' in value:\n                alert_text = value['alert'].get('text')\n            raise exception_class(message, screen, stacktrace, alert_text)\n>       raise exception_class(message, screen, stacktrace)\nE       selenium.common.exceptions.TimeoutException: Message: timeout\nE         (Session info: chrome=73.0.3683.103)\nE         (Driver info: chromedriver=2.36.540470 (e522d04694c7ebea4ba8821272dbef4f9b818c91),platform=Windows NT 6.1.7601 SP1 x86_64)\n\nE:\\Python3\\lib\\site-packages\\selenium\\webdriver\\remote\\errorhandler.py:242: TimeoutException",
  "flaky" : false,
  "newFailed" : false,
  "beforeStages" : [ {
    "name" : "open_url1",
    "time" : {
      "start" : 1574308526168,
      "stop" : 1574308548270,
      "duration" : 22102
    },
    "status" : "passed",
    "steps" : [ ],
    "attachments" : [ ],
    "parameters" : [ ],
    "attachmentsCount" : 0,
    "shouldDisplayMessage" : false,
    "stepsCount" : 0,
    "hasContent" : false
  }, {
    "name" : "session_action",
    "time" : {
      "start" : 1574308526166,
      "stop" : 1574308526167,
      "duration" : 1
    },
    "status" : "passed",
    "steps" : [ ],
    "attachments" : [ ],
    "parameters" : [ ],
    "attachmentsCount" : 0,
    "shouldDisplayMessage" : false,
    "stepsCount" : 0,
    "hasContent" : false
  } ],
  "testStage" : {
    "description" : "这是隐形眼镜加入购物车的成功用例",
    "status" : "broken",
    "statusMessage" : "selenium.common.exceptions.TimeoutException: Message: timeout\n  (Session info: chrome=73.0.3683.103)\n  (Driver info: chromedriver=2.36.540470 (e522d04694c7ebea4ba8821272dbef4f9b818c91),platform=Windows NT 6.1.7601 SP1 x86_64)",
    "statusTrace" : "self = <Testcases.test_2buy.TestLogin object at 0x0000000004F470F0>\nopen_url1 = <selenium.webdriver.chrome.webdriver.WebDriver (session=\"47da90a261feb335b8f691a05e6ed8b6\")>\n\n    @pytest.mark.demo\n    @allure.story('测试隐形眼镜加入购物车')\n    @allure.title('测试隐形眼镜加入购物车')\n    @allure.description('这是隐形眼镜加入购物车的成功用例')\n    def test_buy_yx(self,open_url1):\n        #搜索隐形眼镜商品\n>       hp(open_url1).search(bd.success_data_yxyj[\"title\"])\n\ntest_2buy.py:53: \n_ _ _ _ _ _ _ _ _ _ _ _ _ _ _ _ _ _ _ _ _ _ _ _ _ _ _ _ _ _ _ _ _ _ _ _ _ _ _ _\n..\\PageObjects\\pc\\home_page.py:14: in search\n    self.input_text(hpl.search,'搜索商品',title,Keys.ENTER)\n..\\common\\basepage.py:118: in input_text\n    self.wait_eleVisible(loc,img_doc)\n..\\common\\basepage.py:28: in wait_eleVisible\n    WebDriverWait(self.driver,timeout,frequency).until(EC.visibility_of_element_located(loc))\nE:\\Python3\\lib\\site-packages\\selenium\\webdriver\\support\\wait.py:71: in until\n    value = method(self._driver)\nE:\\Python3\\lib\\site-packages\\selenium\\webdriver\\support\\expected_conditions.py:128: in __call__\n    return _element_if_visible(_find_element(driver, self.locator))\nE:\\Python3\\lib\\site-packages\\selenium\\webdriver\\support\\expected_conditions.py:415: in _find_element\n    raise e\nE:\\Python3\\lib\\site-packages\\selenium\\webdriver\\support\\expected_conditions.py:411: in _find_element\n    return driver.find_element(*by)\nE:\\Python3\\lib\\site-packages\\selenium\\webdriver\\remote\\webdriver.py:978: in find_element\n    'value': value})['value']\nE:\\Python3\\lib\\site-packages\\selenium\\webdriver\\remote\\webdriver.py:321: in execute\n    self.error_handler.check_response(response)\n_ _ _ _ _ _ _ _ _ _ _ _ _ _ _ _ _ _ _ _ _ _ _ _ _ _ _ _ _ _ _ _ _ _ _ _ _ _ _ _\n\nself = <selenium.webdriver.remote.errorhandler.ErrorHandler object at 0x0000000004DC71D0>\nresponse = {'sessionId': '47da90a261feb335b8f691a05e6ed8b6', 'status': 21, 'value': {'message': 'timeout\\n  (Session info: chrome...r info: chromedriver=2.36.540470 (e522d04694c7ebea4ba8821272dbef4f9b818c91),platform=Windows NT 6.1.7601 SP1 x86_64)'}}\n\n    def check_response(self, response):\n        \"\"\"\n        Checks that a JSON response from the WebDriver does not have an error.\n    \n        :Args:\n         - response - The JSON response from the WebDriver server as a dictionary\n           object.\n    \n        :Raises: If the response contains an error message.\n        \"\"\"\n        status = response.get('status', None)\n        if status is None or status == ErrorCode.SUCCESS:\n            return\n        value = None\n        message = response.get(\"message\", \"\")\n        screen = response.get(\"screen\", \"\")\n        stacktrace = None\n        if isinstance(status, int):\n            value_json = response.get('value', None)\n            if value_json and isinstance(value_json, basestring):\n                import json\n                try:\n                    value = json.loads(value_json)\n                    if len(value.keys()) == 1:\n                        value = value['value']\n                    status = value.get('error', None)\n                    if status is None:\n                        status = value[\"status\"]\n                        message = value[\"value\"]\n                        if not isinstance(message, basestring):\n                            value = message\n                            message = message.get('message')\n                    else:\n                        message = value.get('message', None)\n                except ValueError:\n                    pass\n    \n        exception_class = ErrorInResponseException\n        if status in ErrorCode.NO_SUCH_ELEMENT:\n            exception_class = NoSuchElementException\n        elif status in ErrorCode.NO_SUCH_FRAME:\n            exception_class = NoSuchFrameException\n        elif status in ErrorCode.NO_SUCH_WINDOW:\n            exception_class = NoSuchWindowException\n        elif status in ErrorCode.STALE_ELEMENT_REFERENCE:\n            exception_class = StaleElementReferenceException\n        elif status in ErrorCode.ELEMENT_NOT_VISIBLE:\n            exception_class = ElementNotVisibleException\n        elif status in ErrorCode.INVALID_ELEMENT_STATE:\n            exception_class = InvalidElementStateException\n        elif status in ErrorCode.INVALID_SELECTOR \\\n                or status in ErrorCode.INVALID_XPATH_SELECTOR \\\n                or status in ErrorCode.INVALID_XPATH_SELECTOR_RETURN_TYPER:\n            exception_class = InvalidSelectorException\n        elif status in ErrorCode.ELEMENT_IS_NOT_SELECTABLE:\n            exception_class = ElementNotSelectableException\n        elif status in ErrorCode.ELEMENT_NOT_INTERACTABLE:\n            exception_class = ElementNotInteractableException\n        elif status in ErrorCode.INVALID_COOKIE_DOMAIN:\n            exception_class = InvalidCookieDomainException\n        elif status in ErrorCode.UNABLE_TO_SET_COOKIE:\n            exception_class = UnableToSetCookieException\n        elif status in ErrorCode.TIMEOUT:\n            exception_class = TimeoutException\n        elif status in ErrorCode.SCRIPT_TIMEOUT:\n            exception_class = TimeoutException\n        elif status in ErrorCode.UNKNOWN_ERROR:\n            exception_class = WebDriverException\n        elif status in ErrorCode.UNEXPECTED_ALERT_OPEN:\n            exception_class = UnexpectedAlertPresentException\n        elif status in ErrorCode.NO_ALERT_OPEN:\n            exception_class = NoAlertPresentException\n        elif status in ErrorCode.IME_NOT_AVAILABLE:\n            exception_class = ImeNotAvailableException\n        elif status in ErrorCode.IME_ENGINE_ACTIVATION_FAILED:\n            exception_class = ImeActivationFailedException\n        elif status in ErrorCode.MOVE_TARGET_OUT_OF_BOUNDS:\n            exception_class = MoveTargetOutOfBoundsException\n        elif status in ErrorCode.JAVASCRIPT_ERROR:\n            exception_class = JavascriptException\n        elif status in ErrorCode.SESSION_NOT_CREATED:\n            exception_class = SessionNotCreatedException\n        elif status in ErrorCode.INVALID_ARGUMENT:\n            exception_class = InvalidArgumentException\n        elif status in ErrorCode.NO_SUCH_COOKIE:\n            exception_class = NoSuchCookieException\n        elif status in ErrorCode.UNABLE_TO_CAPTURE_SCREEN:\n            exception_class = ScreenshotException\n        elif status in ErrorCode.ELEMENT_CLICK_INTERCEPTED:\n            exception_class = ElementClickInterceptedException\n        elif status in ErrorCode.INSECURE_CERTIFICATE:\n            exception_class = InsecureCertificateException\n        elif status in ErrorCode.INVALID_COORDINATES:\n            exception_class = InvalidCoordinatesException\n        elif status in ErrorCode.INVALID_SESSION_ID:\n            exception_class = InvalidSessionIdException\n        elif status in ErrorCode.UNKNOWN_METHOD:\n            exception_class = UnknownMethodException\n        else:\n            exception_class = WebDriverException\n        if value == '' or value is None:\n            value = response['value']\n        if isinstance(value, basestring):\n            if exception_class == ErrorInResponseException:\n                raise exception_class(response, value)\n            raise exception_class(value)\n        if message == \"\" and 'message' in value:\n            message = value['message']\n    \n        screen = None\n        if 'screen' in value:\n            screen = value['screen']\n    \n        stacktrace = None\n        if 'stackTrace' in value and value['stackTrace']:\n            stacktrace = []\n            try:\n                for frame in value['stackTrace']:\n                    line = self._value_or_default(frame, 'lineNumber', '')\n                    file = self._value_or_default(frame, 'fileName', '<anonymous>')\n                    if line:\n                        file = \"%s:%s\" % (file, line)\n                    meth = self._value_or_default(frame, 'methodName', '<anonymous>')\n                    if 'className' in frame:\n                        meth = \"%s.%s\" % (frame['className'], meth)\n                    msg = \"    at %s (%s)\"\n                    msg = msg % (meth, file)\n                    stacktrace.append(msg)\n            except TypeError:\n                pass\n        if exception_class == ErrorInResponseException:\n            raise exception_class(response, message)\n        elif exception_class == UnexpectedAlertPresentException:\n            alert_text = None\n            if 'data' in value:\n                alert_text = value['data'].get('text')\n            elif 'alert' in value:\n                alert_text = value['alert'].get('text')\n            raise exception_class(message, screen, stacktrace, alert_text)\n>       raise exception_class(message, screen, stacktrace)\nE       selenium.common.exceptions.TimeoutException: Message: timeout\nE         (Session info: chrome=73.0.3683.103)\nE         (Driver info: chromedriver=2.36.540470 (e522d04694c7ebea4ba8821272dbef4f9b818c91),platform=Windows NT 6.1.7601 SP1 x86_64)\n\nE:\\Python3\\lib\\site-packages\\selenium\\webdriver\\remote\\errorhandler.py:242: TimeoutException",
    "steps" : [ {
      "name" : "搜索商品",
      "time" : {
        "start" : 1574308853576,
        "stop" : 1574309453804,
        "duration" : 600228
      },
      "status" : "broken",
      "statusMessage" : "selenium.common.exceptions.TimeoutException: Message: timeout\n  (Session info: chrome=73.0.3683.103)\n  (Driver info: chromedriver=2.36.540470 (e522d04694c7ebea4ba8821272dbef4f9b818c91),platform=Windows NT 6.1.7601 SP1 x86_64)\n\n",
      "statusTrace" : "  File \"E:\\Python3\\lib\\site-packages\\allure_commons\\_allure.py\", line 141, in impl\n    return func(*a, **kw)\n  File \"D:\\B2B\\PageObjects\\pc\\home_page.py\", line 14, in search\n    self.input_text(hpl.search,'搜索商品',title,Keys.ENTER)\n  File \"D:\\B2B\\common\\basepage.py\", line 118, in input_text\n    self.wait_eleVisible(loc,img_doc)\n  File \"D:\\B2B\\common\\basepage.py\", line 28, in wait_eleVisible\n    WebDriverWait(self.driver,timeout,frequency).until(EC.visibility_of_element_located(loc))\n  File \"E:\\Python3\\lib\\site-packages\\selenium\\webdriver\\support\\wait.py\", line 71, in until\n    value = method(self._driver)\n  File \"E:\\Python3\\lib\\site-packages\\selenium\\webdriver\\support\\expected_conditions.py\", line 128, in __call__\n    return _element_if_visible(_find_element(driver, self.locator))\n  File \"E:\\Python3\\lib\\site-packages\\selenium\\webdriver\\support\\expected_conditions.py\", line 415, in _find_element\n    raise e\n  File \"E:\\Python3\\lib\\site-packages\\selenium\\webdriver\\support\\expected_conditions.py\", line 411, in _find_element\n    return driver.find_element(*by)\n  File \"E:\\Python3\\lib\\site-packages\\selenium\\webdriver\\remote\\webdriver.py\", line 978, in find_element\n    'value': value})['value']\n  File \"E:\\Python3\\lib\\site-packages\\selenium\\webdriver\\remote\\webdriver.py\", line 321, in execute\n    self.error_handler.check_response(response)\n  File \"E:\\Python3\\lib\\site-packages\\selenium\\webdriver\\remote\\errorhandler.py\", line 242, in check_response\n    raise exception_class(message, screen, stacktrace)\n",
      "steps" : [ ],
      "attachments" : [ ],
      "parameters" : [ {
        "name" : "title",
        "value" : "'NEO小黑环半年抛彩色隐形眼镜1片装'"
      } ],
      "attachmentsCount" : 0,
      "shouldDisplayMessage" : true,
      "stepsCount" : 0,
      "hasContent" : true
    } ],
    "attachments" : [ {
      "uid" : "d13585dc63292a30",
      "name" : "log",
      "source" : "d13585dc63292a30.txt",
      "type" : "text/plain",
      "size" : 4577
    }, {
      "uid" : "86d1869f6132c6d3",
      "name" : "stdout",
      "source" : "86d1869f6132c6d3.txt",
      "type" : "text/plain",
      "size" : 60
    }, {
      "uid" : "6480799eed371e1d",
      "name" : "stderr",
      "source" : "6480799eed371e1d.txt",
      "type" : "text/plain",
      "size" : 4674
    } ],
    "parameters" : [ ],
    "attachmentsCount" : 3,
    "shouldDisplayMessage" : true,
    "stepsCount" : 1,
    "hasContent" : true
  },
  "afterStages" : [ {
    "name" : "open_url1::0",
    "time" : {
      "start" : 1574309453926,
      "stop" : 1574309457034,
      "duration" : 3108
    },
    "status" : "passed",
    "steps" : [ ],
    "attachments" : [ ],
    "parameters" : [ ],
    "attachmentsCount" : 0,
    "shouldDisplayMessage" : false,
    "stepsCount" : 0,
    "hasContent" : false
  }, {
    "name" : "session_action::0",
    "time" : {
      "start" : 1574309457041,
      "stop" : 1574309457041,
      "duration" : 0
    },
    "status" : "passed",
    "steps" : [ ],
    "attachments" : [ ],
    "parameters" : [ ],
    "attachmentsCount" : 0,
    "shouldDisplayMessage" : false,
    "stepsCount" : 0,
    "hasContent" : false
  } ],
  "labels" : [ {
    "name" : "feature",
    "value" : "每日用例-加购"
  }, {
    "name" : "story",
    "value" : "测试隐形眼镜加入购物车"
  }, {
    "name" : "tag",
    "value" : "demo"
  }, {
    "name" : "parentSuite",
    "value" : "Testcases"
  }, {
    "name" : "suite",
    "value" : "test_2buy"
  }, {
    "name" : "subSuite",
    "value" : "TestLogin"
  }, {
    "name" : "host",
    "value" : "JS-CS-002"
  }, {
    "name" : "thread",
    "value" : "6324-MainThread"
  }, {
    "name" : "framework",
    "value" : "pytest"
  }, {
    "name" : "language",
    "value" : "cpython3"
  }, {
    "name" : "package",
    "value" : "Testcases.test_2buy"
  }, {
    "name" : "resultFormat",
    "value" : "allure2"
  } ],
  "parameters" : [ ],
  "links" : [ ],
  "hidden" : true,
  "retry" : true,
  "extra" : {
    "categories" : [ ],
    "tags" : [ "demo" ]
  },
  "source" : "a613f59701f93dda.json",
  "parameterValues" : [ ]
}